<?xml version="1.0" encoding="UTF-8"?>
<!-- Generated by org.testng.reporters.JUnitReportReporter -->
<testsuite hostname="Archita-PC" name="seleniumprojectone.TC_01" tests="1" failures="0" timestamp="28 Feb 2020 11:48:12 GMT" time="55.084" errors="0">
  <testcase name="Test" time="55.084" classname="seleniumprojectone.TC_01"/>
</testsuite> <!-- seleniumprojectone.TC_01 -->
